[2012-12-19 11:33:15] security.DEBUG: Read SecurityContext from the session [] []
[2012-12-19 11:33:15] security.DEBUG: Reloading user from user provider. [] []
[2012-12-19 11:33:15] security.DEBUG: Username "frantz" was reloaded from user provider. [] []
[2012-12-19 11:33:16] request.ERROR: Symfony\Component\HttpKernel\Exception\NotFoundHttpException: No route found for "GET /app_dev/hello/mtc/hello/frantz" (uncaught exception) at /Applications/MAMP/htdocs/mtcommande/vendor/symfony/src/Symfony/Bundle/FrameworkBundle/EventListener/RouterListener.php line 83 [] []
[2012-12-19 11:33:18] security.DEBUG: Write SecurityContext in the session [] []
[2012-12-19 11:33:55] security.DEBUG: Read SecurityContext from the session [] []
[2012-12-19 11:33:55] security.DEBUG: Reloading user from user provider. [] []
[2012-12-19 11:33:55] security.DEBUG: Username "frantz" was reloaded from user provider. [] []
[2012-12-19 11:33:55] request.ERROR: Symfony\Component\HttpKernel\Exception\NotFoundHttpException: No route found for "GET /app_dev/mtc/hello/frantz" (uncaught exception) at /Applications/MAMP/htdocs/mtcommande/vendor/symfony/src/Symfony/Bundle/FrameworkBundle/EventListener/RouterListener.php line 83 [] []
[2012-12-19 11:33:55] security.DEBUG: Write SecurityContext in the session [] []
[2012-12-19 11:34:06] security.DEBUG: Read SecurityContext from the session [] []
[2012-12-19 11:34:06] security.DEBUG: Reloading user from user provider. [] []
[2012-12-19 11:34:06] security.DEBUG: Username "frantz" was reloaded from user provider. [] []
[2012-12-19 11:34:06] request.ERROR: Symfony\Component\HttpKernel\Exception\NotFoundHttpException: No route found for "GET /app_dev/hello/frantz" (uncaught exception) at /Applications/MAMP/htdocs/mtcommande/app/cache/prod/classes.php line 4584 [] []
[2012-12-19 11:34:06] security.DEBUG: Write SecurityContext in the session [] []
[2012-12-19 11:35:06] security.DEBUG: Read SecurityContext from the session [] []
[2012-12-19 11:35:06] security.DEBUG: Reloading user from user provider. [] []
[2012-12-19 11:35:06] security.DEBUG: Username "frantz" was reloaded from user provider. [] []
[2012-12-19 11:35:06] request.ERROR: Symfony\Component\HttpKernel\Exception\NotFoundHttpException: No route found for "GET /app_dev/" (uncaught exception) at /Applications/MAMP/htdocs/mtcommande/app/cache/prod/classes.php line 4584 [] []
[2012-12-19 11:35:06] security.DEBUG: Write SecurityContext in the session [] []
[2012-12-19 11:35:49] security.DEBUG: Read SecurityContext from the session [] []
[2012-12-19 11:35:49] security.DEBUG: Reloading user from user provider. [] []
[2012-12-19 11:35:49] security.DEBUG: Username "frantz" was reloaded from user provider. [] []
[2012-12-19 11:35:49] request.ERROR: Symfony\Component\HttpKernel\Exception\NotFoundHttpException: No route found for "GET /app_dev/login" (uncaught exception) at /Applications/MAMP/htdocs/mtcommande/app/cache/prod/classes.php line 4584 [] []
[2012-12-19 11:35:49] security.DEBUG: Write SecurityContext in the session [] []
[2012-12-19 11:36:24] security.DEBUG: Read SecurityContext from the session [] []
[2012-12-19 11:36:24] security.DEBUG: Reloading user from user provider. [] []
[2012-12-19 11:36:24] security.DEBUG: Username "frantz" was reloaded from user provider. [] []
[2012-12-19 11:36:24] request.ERROR: Symfony\Component\HttpKernel\Exception\NotFoundHttpException: No route found for "GET /app_dev/admin/login" (uncaught exception) at /Applications/MAMP/htdocs/mtcommande/app/cache/prod/classes.php line 4584 [] []
[2012-12-19 11:36:24] security.DEBUG: Write SecurityContext in the session [] []
[2012-12-19 11:36:35] security.DEBUG: Read SecurityContext from the session [] []
[2012-12-19 11:36:35] security.DEBUG: Reloading user from user provider. [] []
[2012-12-19 11:36:35] security.DEBUG: Username "frantz" was reloaded from user provider. [] []
[2012-12-19 11:36:35] request.ERROR: Symfony\Component\HttpKernel\Exception\NotFoundHttpException: No route found for "GET /app_dev/mtc/admin/login" (uncaught exception) at /Applications/MAMP/htdocs/mtcommande/app/cache/prod/classes.php line 4584 [] []
[2012-12-19 11:36:35] security.DEBUG: Write SecurityContext in the session [] []
